Mplus VERSION 7.4
MUTHEN & MUTHEN
07/23/2020   3:21 PM

INPUT INSTRUCTIONS

  TITLE: Example 2 of computation of Cohen’s d with Mplus
  DATA: FILE IS example2a.dat;
  VARIABLE: NAMES ARE id group  y  time pre_test;
  USEVARIABLES ARE group  y  pre_test;
  MODEL: y ON pre_test
  group(b);
  MODEL CONSTRAINT:
  new(d);
  d = b/119.956 ;
  OUTPUT: CINTERVAL;



INPUT READING TERMINATED NORMALLY



Example 2 of computation of Cohen’s d with Mplus

SUMMARY OF ANALYSIS

Number of groups                                                 1
Number of observations                                         100

Number of dependent variables                                    1
Number of independent variables                                  2
Number of continuous latent variables                            0

Observed dependent variables

  Continuous
   Y

Observed independent variables
   GROUP       PRE_TEST


Estimator                                                       ML
Information matrix                                        OBSERVED
Maximum number of iterations                                  1000
Convergence criterion                                    0.500D-04
Maximum number of steepest descent iterations                   20

Input data file(s)
  example2a.dat

Input data format  FREE



THE MODEL ESTIMATION TERMINATED NORMALLY



MODEL FIT INFORMATION

Number of Free Parameters                        4

Loglikelihood

          H0 Value                         -64.596
          H1 Value                         -64.596

Information Criteria

          Akaike (AIC)                     137.192
          Bayesian (BIC)                   147.613
          Sample-Size Adjusted BIC         134.980
            (n* = (n + 2) / 24)

Chi-Square Test of Model Fit

          Value                              0.000
          Degrees of Freedom                     0
          P-Value                           0.0000

RMSEA (Root Mean Square Error Of Approximation)

          Estimate                           0.000
          90 Percent C.I.                    0.000  0.000
          Probability RMSEA <= .05           0.000

CFI/TLI

          CFI                                1.000
          TLI                                1.000

Chi-Square Test of Model Fit for the Baseline Model

          Value                             15.966
          Degrees of Freedom                     2
          P-Value                           0.0003

SRMR (Standardized Root Mean Square Residual)

          Value                              0.000



MODEL RESULTS

                                                    Two-Tailed
                    Estimate       S.E.  Est./S.E.    P-Value

 Y        ON
    PRE_TEST           0.001      0.000      2.706      0.007
    GROUP             -0.001      0.000     -2.581      0.010

 Intercepts
    Y                  0.438      0.106      4.142      0.000

 Residual Variances
    Y                  0.213      0.030      7.071      0.000

New/Additional Parameters
    D                  0.000      0.000     -2.581      0.010


QUALITY OF NUMERICAL RESULTS

     Condition Number for the Information Matrix              0.327E-07
       (ratio of smallest to largest eigenvalue)


CONFIDENCE INTERVALS OF MODEL RESULTS

                  Lower .5%  Lower 2.5%    Lower 5%    Estimate    Upper 5%  Upper 2.5%   Upper .5%

 Y        ON
    PRE_TEST         0.000       0.000       0.000       0.001       0.002       0.002       0.002
    GROUP           -0.002      -0.002      -0.002      -0.001       0.000       0.000       0.000

 Intercepts
    Y                0.165       0.231       0.264       0.438       0.611       0.645       0.710

 Residual Variances
    Y                0.135       0.154       0.164       0.213       0.263       0.272       0.291

New/Additional Parameters
    D                0.000       0.000       0.000       0.000       0.000       0.000       0.000


DIAGRAM INFORMATION

  Use View Diagram under the Diagram menu in the Mplus Editor to view the diagram.
  If running Mplus from the Mplus Diagrammer, the diagram opens automatically.

  Diagram output
    c:\users\ythompso\documents\github\somi\somi_july2020\example2.dgm

     Beginning Time:  15:21:12
        Ending Time:  15:21:12
       Elapsed Time:  00:00:00



MUTHEN & MUTHEN
3463 Stoner Ave.
Los Angeles, CA  90066

Tel: (310) 391-9971
Fax: (310) 391-8971
Web: www.StatModel.com
Support: Support@StatModel.com

Copyright (c) 1998-2015 Muthen & Muthen
